\BOOKMARK [0][-]{dummy.1}{\376\377\000A\000b\000s\000t\000r\000a\000c\000t}{}% 1
\BOOKMARK [0][-]{dummy.2}{\376\377\000A\000c\000k\000n\000o\000w\000l\000e\000d\000g\000e\000m\000e\000n\000t\000s}{}% 2
\BOOKMARK [0][-]{dummy.3}{\376\377\000C\000o\000n\000t\000e\000n\000t\000s}{}% 3
\BOOKMARK [0][-]{dummy.5}{\376\377\000L\000i\000s\000t\000\040\000o\000f\000\040\000F\000i\000g\000u\000r\000e\000s}{}% 4
\BOOKMARK [0][-]{dummy.7}{\376\377\000L\000i\000s\000t\000\040\000o\000f\000\040\000T\000a\000b\000l\000e\000s}{}% 5
\BOOKMARK [0][-]{dummy.9}{\376\377\000A\000b\000b\000r\000e\000v\000i\000a\000t\000i\000o\000n\000s}{}% 6
\BOOKMARK [0][-]{chapter.12}{\376\377\0001\000\040\000I\000n\000t\000r\000o\000d\000u\000c\000t\000i\000o\000n}{}% 7
\BOOKMARK [0][-]{chapter.13}{\376\377\0002\000\040\000L\000i\000t\000e\000r\000a\000t\000u\000r\000e\000\040\000R\000e\000v\000i\000e\000w}{}% 8
\BOOKMARK [1][-]{section.14}{\376\377\0002\000.\0001\000\040\000E\000A\000\040\000r\000e\000s\000e\000a\000r\000c\000h}{chapter.13}% 9
\BOOKMARK [1][-]{section.15}{\376\377\0002\000.\0002\000\040\000I\000n\000n\000o\000v\000a\000t\000i\000o\000n\000\040\000r\000e\000s\000e\000a\000r\000c\000h}{chapter.13}% 10
\BOOKMARK [1][-]{section.16}{\376\377\0002\000.\0003\000\040\000E\000A\000\040\000t\000o\000o\000l\000s\000\040\000f\000o\000r\000\040\000i\000n\000n\000o\000v\000a\000t\000i\000o\000n\000\040\000r\000e\000s\000e\000a\000r\000c\000h}{chapter.13}% 11
\BOOKMARK [1][-]{section.17}{\376\377\0002\000.\0004\000\040\000C\000o\000n\000s\000t\000r\000i\000b\000u\000t\000i\000o\000n}{chapter.13}% 12
\BOOKMARK [0][-]{chapter.18}{\376\377\0003\000\040\000M\000e\000t\000h\000o\000d\000o\000l\000o\000g\000y}{}% 13
\BOOKMARK [1][-]{section.19}{\376\377\0003\000.\0001\000\040\000D\000e\000s\000i\000g\000n\000\040\000S\000c\000i\000e\000n\000c\000e}{chapter.18}% 14
\BOOKMARK [2][-]{subsection.20}{\376\377\0003\000.\0001\000.\0001\000\040\000C\000o\000n\000s\000t\000r\000u\000c\000t\000i\000o\000n}{section.19}% 15
\BOOKMARK [3][-]{subsubsection.21}{\376\377\0003\000.\0001\000.\0001\000.\0001\000\040\000C\000o\000d\000e\000b\000o\000o\000k}{subsection.20}% 16
\BOOKMARK [2][-]{subsection.22}{\376\377\0003\000.\0001\000.\0002\000\040\000E\000v\000a\000l\000u\000a\000t\000i\000o\000n}{section.19}% 17
\BOOKMARK [0][-]{chapter.23}{\376\377\0004\000\040\000A\000n\000a\000l\000y\000t\000i\000c\000a\000l\000\040\000t\000o\000o\000l}{}% 18
\BOOKMARK [1][-]{section.24}{\376\377\0004\000.\0001\000\040\000F\000r\000a\000m\000e\000w\000o\000r\000k}{chapter.23}% 19
\BOOKMARK [1][-]{section.25}{\376\377\0004\000.\0002\000\040\000Q\000u\000e\000s\000t\000i\000o\000n\000n\000a\000i\000r\000e}{chapter.23}% 20
\BOOKMARK [1][-]{section.26}{\376\377\0004\000.\0003\000\040\000C\000o\000d\000e\000b\000o\000o\000k}{chapter.23}% 21
\BOOKMARK [0][-]{chapter.27}{\376\377\0005\000\040\000E\000v\000a\000l\000u\000a\000t\000i\000o\000n\000\040\000a\000t\000\040\000C\000i\000s\000c\000o}{}% 22
\BOOKMARK [1][-]{section.28}{\376\377\0005\000.\0001\000\040\000C\000i\000s\000c\000o\000'\000s\000\040\000E\000A\000\040\000t\000e\000a\000m}{chapter.27}% 23
\BOOKMARK [1][-]{section.29}{\376\377\0005\000.\0002\000\040\000R\000e\000s\000u\000l\000t\000s\000\040\000o\000f\000\040\000t\000h\000e\000\040\000a\000s\000s\000e\000s\000s\000m\000e\000n\000t\000\040\000t\000o\000o\000l}{chapter.27}% 24
\BOOKMARK [0][-]{chapter.30}{\376\377\0006\000\040\000D\000i\000s\000c\000u\000s\000s\000i\000o\000n}{}% 25
\BOOKMARK [1][-]{section.31}{\376\377\0006\000.\0001\000\040\000A\000n\000a\000l\000y\000s\000i\000s\000\040\000o\000f\000\040\000t\000h\000e\000\040\000r\000e\000s\000u\000l\000t\000s}{chapter.30}% 26
\BOOKMARK [1][-]{section.32}{\376\377\0006\000.\0002\000\040\000C\000h\000a\000l\000l\000e\000n\000g\000e\000s\000\040\000o\000f\000\040\000t\000h\000e\000\040\000p\000r\000o\000j\000e\000c\000t}{chapter.30}% 27
\BOOKMARK [1][-]{section.33}{\376\377\0006\000.\0003\000\040\000L\000i\000m\000i\000t\000a\000t\000i\000o\000n\000s\000\040\000o\000f\000\040\000t\000h\000e\000\040\000p\000r\000o\000j\000e\000c\000t}{chapter.30}% 28
\BOOKMARK [1][-]{section.34}{\376\377\0006\000.\0004\000\040\000F\000e\000e\000d\000b\000a\000c\000k\000\040\000f\000r\000o\000m\000\040\000t\000h\000e\000\040\000E\000A\000\040\000t\000e\000a\000m}{chapter.30}% 29
\BOOKMARK [0][-]{chapter.35}{\376\377\0007\000\040\000C\000o\000n\000c\000l\000u\000s\000i\000o\000n}{}% 30
\BOOKMARK [1][-]{subsection.36}{\376\377\0007\000.\0000\000.\0001\000\040\000F\000u\000t\000u\000r\000e\000\040\000w\000o\000r\000k}{chapter.35}% 31
\BOOKMARK [0][-]{dummy.37}{\376\377\000B\000i\000b\000l\000i\000o\000g\000r\000a\000p\000h\000y}{}% 32
